<?xml version="1.0" encoding="UTF-8"?>
<!-- Generated by org.testng.reporters.JUnitReportReporter -->
<testsuite hostname="JKTNOLAP622" failures="0" tests="1" name="com.jkteh.selenium4.LaunchABrowser" time="12.210" errors="0" timestamp="2022-07-06T10:16:20 IST" skipped="0">
  <testcase classname="com.jkteh.selenium4.LaunchABrowser" name="openBrowser" time="12.210"/>
  <system-out/>
</testsuite> <!-- com.jkteh.selenium4.LaunchABrowser -->
