<?xml version="1.0" encoding="UTF-8"?>
<!-- Generated by org.testng.reporters.JUnitReportReporter -->
<testsuite hostname="JKTNOLAP622" failures="0" tests="1" name="com.jkteh.selenium4.TakesScreenShot" time="12.158" errors="0" timestamp="2022-07-08T10:18:51 IST" skipped="0">
  <testcase classname="com.jkteh.selenium4.TakesScreenShot" name="sampleTest" time="12.158"/>
  <system-out/>
</testsuite> <!-- com.jkteh.selenium4.TakesScreenShot -->
