<?xml version="1.0" encoding="UTF-8"?>
<!-- Generated by org.testng.reporters.JUnitReportReporter -->
<testsuite hostname="JKTNOLAP622" failures="0" tests="1" name="com.jkteh.selenium4.OpeningANewTab" time="26.516" errors="0" timestamp="2022-07-06T10:38:17 IST" skipped="0">
  <testcase classname="com.jkteh.selenium4.OpeningANewTab" name="openANewTab" time="26.516"/>
  <system-out/>
</testsuite> <!-- com.jkteh.selenium4.OpeningANewTab -->
