<?xml version="1.0" encoding="UTF-8"?>
<!-- Generated by org.testng.reporters.JUnitReportReporter -->
<testsuite hostname="JKTNOLAP622" failures="0" tests="1" name="com.jktech.jenkins.validLoginTest" time="6.850" errors="0" timestamp="2022-07-11T09:46:15 IST" skipped="0">
  <testcase classname="com.jktech.jenkins.validLoginTest" name="openABrowser" time="6.850"/>
  <system-out/>
</testsuite> <!-- com.jktech.jenkins.validLoginTest -->
