<?xml version="1.0" encoding="UTF-8"?>
<!-- Generated by org.testng.reporters.JUnitReportReporter -->
<testsuite hostname="JKTNOLAP622" failures="0" tests="1" name="com.jktech.jenkins.OpenABrowser" time="17.608" errors="0" timestamp="2022-07-11T12:41:43 IST" skipped="0">
  <testcase classname="com.jktech.jenkins.OpenABrowser" name="openABrowser" time="17.608"/>
  <system-out/>
</testsuite> <!-- com.jktech.jenkins.OpenABrowser -->
