<?xml version="1.0" encoding="UTF-8"?>
<!-- Generated by org.testng.reporters.JUnitReportReporter -->
<testsuite hostname="JKTNOLAP622" failures="0" tests="1" name="com.RestAssured.Basics.AddBook" time="3.613" errors="0" timestamp="2025-01-16T18:57:32 IST" skipped="0">
  <testcase classname="com.RestAssured.Basics.AddBook" name="addBookTest" time="3.613"/>
</testsuite> <!-- com.RestAssured.Basics.AddBook -->
