<?xml version="1.0" encoding="UTF-8"?>
<!-- Generated by org.testng.reporters.JUnitReportReporter -->
<testsuite hostname="JKTNOLAP622" failures="0" tests="1" name="com.RestAssured.Basics.GetAnIssueFromJira" time="6.202" errors="0" timestamp="2025-01-17T23:21:32 IST" skipped="0">
  <testcase classname="com.RestAssured.Basics.GetAnIssueFromJira" name="createIssue" time="6.202"/>
</testsuite> <!-- com.RestAssured.Basics.GetAnIssueFromJira -->
