<?xml version="1.0" encoding="UTF-8"?>
<!-- Generated by org.testng.reporters.JUnitReportReporter -->
<testsuite hostname="JKTNOLAP622" failures="0" tests="3" name="com.selenium.testngpractice.CrossBrowser" time="39.721" errors="0" timestamp="2024-12-11T10:12:58 IST" skipped="0">
  <testcase classname="com.selenium.testngpractice.CrossBrowser" name="parametersExample" time="18.260"/>
  <testcase classname="com.selenium.testngpractice.CrossBrowser" name="parametersExample" time="10.028"/>
  <testcase classname="com.selenium.testngpractice.CrossBrowser" name="parametersExample" time="11.433"/>
</testsuite> <!-- com.selenium.testngpractice.CrossBrowser -->
