<?xml version="1.0" encoding="UTF-8"?>
<!-- Generated by org.testng.reporters.JUnitReportReporter -->
<testsuite hostname="JKTNOLAP622" failures="0" tests="2" name="com.selenium.testngpractice.MethodsRunInParallel2" time="25.857" errors="0" timestamp="2024-12-10T20:43:55 IST" skipped="0">
  <testcase classname="com.selenium.testngpractice.MethodsRunInParallel2" name="EdgeTest" time="15.196"/>
  <system-out/>
  <testcase classname="com.selenium.testngpractice.MethodsRunInParallel2" name="chromeTest" time="10.661"/>
  <system-out/>
</testsuite> <!-- com.selenium.testngpractice.MethodsRunInParallel2 -->
