<?xml version="1.0" encoding="UTF-8"?>
<!-- Generated by org.testng.reporters.JUnitReportReporter -->
<testsuite hostname="JKTNOLAP622" failures="0" tests="3" name="com.selenium.testngpractice.Parameters" time="20.795" errors="0" timestamp="2024-12-11T05:31:53 IST" skipped="0">
  <testcase classname="com.selenium.testngpractice.Parameters" name="parametersExample" time="7.098"/>
  <system-out/>
  <testcase classname="com.selenium.testngpractice.Parameters" name="parametersExample" time="6.889"/>
  <system-out/>
  <testcase classname="com.selenium.testngpractice.Parameters" name="parametersExample" time="6.808"/>
  <system-out/>
</testsuite> <!-- com.selenium.testngpractice.Parameters -->
