<?xml version="1.0" encoding="UTF-8"?>
<!-- Generated by org.testng.reporters.JUnitReportReporter -->
<testsuite hostname="JKTNOLAP622" failures="0" tests="10" name="com.selenium.testngpractice.InvocationCountExample" time="0.029" errors="0" timestamp="2024-12-10T17:54:47 IST" skipped="0">
  <testcase classname="com.selenium.testngpractice.InvocationCountExample" name="A" time="0.002"/>
  <system-out/>
  <testcase classname="com.selenium.testngpractice.InvocationCountExample" name="A" time="0.001"/>
  <system-out/>
  <testcase classname="com.selenium.testngpractice.InvocationCountExample" name="A" time="0.002"/>
  <system-out/>
  <testcase classname="com.selenium.testngpractice.InvocationCountExample" name="A" time="0.002"/>
  <system-out/>
  <testcase classname="com.selenium.testngpractice.InvocationCountExample" name="A" time="0.001"/>
  <system-out/>
  <testcase classname="com.selenium.testngpractice.InvocationCountExample" name="A" time="0.001"/>
  <system-out/>
  <testcase classname="com.selenium.testngpractice.InvocationCountExample" name="A" time="0.002"/>
  <system-out/>
  <testcase classname="com.selenium.testngpractice.InvocationCountExample" name="A" time="0.016"/>
  <system-out/>
  <testcase classname="com.selenium.testngpractice.InvocationCountExample" name="A" time="0.001"/>
  <system-out/>
  <testcase classname="com.selenium.testngpractice.InvocationCountExample" name="A" time="0.001"/>
  <system-out/>
</testsuite> <!-- com.selenium.testngpractice.InvocationCountExample -->
