<?xml version="1.0" encoding="UTF-8"?>
<!-- Generated by org.testng.reporters.JUnitReportReporter -->
<testsuite hostname="JKTNOLAP622" failures="0" tests="3" name="com.selenium.testngpractice.CrossBrowser" time="47.909" errors="0" timestamp="2024-12-11T05:55:19 IST" skipped="0">
  <testcase classname="com.selenium.testngpractice.CrossBrowser" name="parametersExample" time="11.035"/>
  <system-out/>
  <testcase classname="com.selenium.testngpractice.CrossBrowser" name="parametersExample" time="21.655"/>
  <system-out/>
  <testcase classname="com.selenium.testngpractice.CrossBrowser" name="parametersExample" time="15.219"/>
  <system-out/>
</testsuite> <!-- com.selenium.testngpractice.CrossBrowser -->
