<?xml version="1.0" encoding="UTF-8"?>
<!-- Generated by org.testng.reporters.JUnitReportReporter -->
<testsuite hostname="JKTNOLAP622" failures="0" tests="5" name="com.selenium.testngpractice.DependsOnMethods" time="0.021" errors="0" timestamp="2024-12-10T17:51:21 IST" skipped="0">
  <testcase classname="com.selenium.testngpractice.DependsOnMethods" name="d" time="0.001"/>
  <system-out/>
  <testcase classname="com.selenium.testngpractice.DependsOnMethods" name="C" time="0.002"/>
  <system-out/>
  <testcase classname="com.selenium.testngpractice.DependsOnMethods" name="F" time="0.001"/>
  <system-out/>
  <testcase classname="com.selenium.testngpractice.DependsOnMethods" name="b" time="0.015"/>
  <system-out/>
  <testcase classname="com.selenium.testngpractice.DependsOnMethods" name="E" time="0.002"/>
  <system-out/>
</testsuite> <!-- com.selenium.testngpractice.DependsOnMethods -->
