<?xml version="1.0" encoding="UTF-8"?>
<!-- Generated by org.testng.reporters.JUnitReportReporter -->
<testsuite hostname="JKTNOLAP622" failures="0" tests="2" name="com.selenium.testngpractice.MethodsRunInParallel" time="25.435" errors="0" timestamp="2024-12-10T20:43:55 IST" skipped="0">
  <testcase classname="com.selenium.testngpractice.MethodsRunInParallel" name="EdgeTest" time="16.950"/>
  <system-out/>
  <testcase classname="com.selenium.testngpractice.MethodsRunInParallel" name="chromeTest" time="8.485"/>
  <system-out/>
</testsuite> <!-- com.selenium.testngpractice.MethodsRunInParallel -->
