<?xml version="1.0" encoding="UTF-8"?>
<!-- Generated by org.testng.reporters.JUnitReportReporter -->
<testsuite hostname="JKTNOLAP622" failures="0" tests="3" name="com.selenium.testngpractice.groups" time="0.024" errors="0" timestamp="2024-12-10T18:01:25 IST" skipped="0">
  <testcase classname="com.selenium.testngpractice.groups" name="C" time="0.001"/>
  <system-out/>
  <testcase classname="com.selenium.testngpractice.groups" name="A" time="0.021"/>
  <system-out/>
  <testcase classname="com.selenium.testngpractice.groups" name="B" time="0.002"/>
  <system-out/>
</testsuite> <!-- com.selenium.testngpractice.groups -->
