<?xml version="1.0" encoding="UTF-8"?>
<!-- Generated by org.testng.reporters.JUnitReportReporter -->
<testsuite hostname="JKTNOLAP622" failures="0" tests="5" name="com.selenium.testngpractice.Priority" time="0.023" errors="0" timestamp="2024-12-10T17:45:54 IST" skipped="0">
  <testcase classname="com.selenium.testngpractice.Priority" name="d" time="0.016"/>
  <system-out/>
  <testcase classname="com.selenium.testngpractice.Priority" name="G" time="0.002"/>
  <system-out/>
  <testcase classname="com.selenium.testngpractice.Priority" name="Z" time="0.002"/>
  <system-out/>
  <testcase classname="com.selenium.testngpractice.Priority" name="a" time="0.001"/>
  <system-out/>
  <testcase classname="com.selenium.testngpractice.Priority" name="A" time="0.002"/>
  <system-out/>
</testsuite> <!-- com.selenium.testngpractice.Priority -->
