<?xml version="1.0" encoding="UTF-8"?>
<!-- Generated by org.testng.reporters.JUnitReportReporter -->
<testsuite hostname="JKTNOLAP622" failures="0" tests="3" name="com.selenium.testngpractice.DataProvidersFromAnotherClass" time="16.985" errors="0" timestamp="2024-12-11T04:51:03 IST" skipped="0">
  <testcase classname="com.selenium.testngpractice.DataProvidersFromAnotherClass" name="parametersExample" time="6.739"/>
  <system-out/>
  <testcase classname="com.selenium.testngpractice.DataProvidersFromAnotherClass" name="parametersExample" time="5.250"/>
  <system-out/>
  <testcase classname="com.selenium.testngpractice.DataProvidersFromAnotherClass" name="parametersExample" time="4.996"/>
  <system-out/>
</testsuite> <!-- com.selenium.testngpractice.DataProvidersFromAnotherClass -->
