<?xml version="1.0" encoding="UTF-8"?>
<!-- Generated by org.testng.reporters.JUnitReportReporter -->
<testsuite hostname="JKTNOLAP622" failures="0" tests="2" name="com.selenium.testngpractice.OrderOfExecution" time="0.021" errors="0" timestamp="2024-12-19T17:50:59 IST" skipped="0">
  <testcase classname="com.selenium.testngpractice.OrderOfExecution" name="atest" time="0.016"/>
  <testcase classname="com.selenium.testngpractice.OrderOfExecution" name="btest" time="0.005"/>
</testsuite> <!-- com.selenium.testngpractice.OrderOfExecution -->
