<?xml version="1.0" encoding="UTF-8"?>
<!-- Generated by org.testng.reporters.JUnitReportReporter -->
<testsuite hostname="JKTNOLAP622" failures="0" tests="2" name="com.selenium.testngpractice.OrderOfExecutionOne" time="0.006" errors="0" timestamp="2024-12-19T17:50:59 IST" skipped="0">
  <testcase classname="com.selenium.testngpractice.OrderOfExecutionOne" name="dtest" time="0.003"/>
  <testcase classname="com.selenium.testngpractice.OrderOfExecutionOne" name="ctest" time="0.003"/>
</testsuite> <!-- com.selenium.testngpractice.OrderOfExecutionOne -->
