<?xml version="1.0" encoding="UTF-8"?>
<!-- Generated by org.testng.reporters.JUnitReportReporter -->
<testsuite hostname="JKTNOLAP622" failures="0" tests="2" name="com.selenium.testngpractice.ToDisableAMethod" time="0.019" errors="0" timestamp="2024-12-10T18:18:30 IST" skipped="1">
  <testcase classname="com.selenium.testngpractice.ToDisableAMethod" name="B" time="0.019"/>
  <system-out/>
  <testcase classname="com.selenium.testngpractice.ToDisableAMethod" name="A">
    <skipped/>
  </testcase> <!-- A -->
  <system-out/>
</testsuite> <!-- com.selenium.testngpractice.ToDisableAMethod -->
