<?xml version="1.0" encoding="UTF-8"?>
<!-- Generated by org.testng.reporters.JUnitReportReporter -->
<testsuite hostname="JKTNOLAP622" failures="0" tests="1" name="com.selenium.testngpractice.DataProvidersFromAnotherClass" time="0.019" errors="0" timestamp="2024-12-19T20:20:02 IST" skipped="0">
  <testcase classname="com.selenium.testngpractice.DataProvidersFromAnotherClass" name="interview" time="0.019"/>
</testsuite> <!-- com.selenium.testngpractice.DataProvidersFromAnotherClass -->
