<?xml version="1.0" encoding="UTF-8"?>
<!-- Generated by org.testng.reporters.JUnitReportReporter -->
<testsuite hostname="JKTNOLAP622" failures="0" tests="3" name="com.selenium.testngpractice.Parameters" time="111.696" errors="0" timestamp="2024-12-23T12:53:01 IST" skipped="0">
  <testcase classname="com.selenium.testngpractice.Parameters" name="parametersExample" time="38.082"/>
  <testcase classname="com.selenium.testngpractice.Parameters" name="parametersExample" time="37.666"/>
  <testcase classname="com.selenium.testngpractice.Parameters" name="parametersExample" time="35.948"/>
</testsuite> <!-- com.selenium.testngpractice.Parameters -->
