<?xml version="1.0" encoding="UTF-8"?>
<!-- Generated by org.testng.reporters.JUnitReportReporter -->
<testsuite hostname="JKTNOLAP622" failures="0" tests="5" name="com.selenium.testngpractice.AlwaysRunExampleinDependsOnMethod" time="0.022" errors="0" timestamp="2024-12-10T18:22:42 IST" skipped="1">
  <testcase classname="com.selenium.testngpractice.AlwaysRunExampleinDependsOnMethod" name="E" time="0.001"/>
  <system-out/>
  <testcase classname="com.selenium.testngpractice.AlwaysRunExampleinDependsOnMethod" name="C" time="0.002"/>
  <system-out/>
  <testcase classname="com.selenium.testngpractice.AlwaysRunExampleinDependsOnMethod" name="F" time="0.002"/>
  <system-out/>
  <testcase classname="com.selenium.testngpractice.AlwaysRunExampleinDependsOnMethod" name="d" time="0.002">
    <skipped/>
  </testcase> <!-- d -->
  <system-out/>
  <testcase classname="com.selenium.testngpractice.AlwaysRunExampleinDependsOnMethod" name="b" time="0.015"/>
  <system-out/>
</testsuite> <!-- com.selenium.testngpractice.AlwaysRunExampleinDependsOnMethod -->
