<?xml version="1.0" encoding="UTF-8"?>
<!-- Generated by org.testng.reporters.JUnitReportReporter -->
<testsuite hostname="JKTNOLAP622" failures="0" tests="3" name="com.jktech.TestNG.GroupsInTestNG" time="0.047" errors="0" timestamp="29 Jun 2022 03:05:41 GMT">
  <testcase classname="com.jktech.TestNG.GroupsInTestNG" name="method2" time="0.041"/>
  <testcase classname="com.jktech.TestNG.GroupsInTestNG" name="method1" time="0.002"/>
  <testcase classname="com.jktech.TestNG.GroupsInTestNG" name="method3" time="0.004"/>
</testsuite> <!-- com.jktech.TestNG.GroupsInTestNG -->
