<?xml version="1.0" encoding="UTF-8"?>
<!-- Generated by org.testng.reporters.JUnitReportReporter -->
<testsuite hostname="JKTNOLAP622" failures="0" tests="1" name="BrowserAutomation.OpenaBrowser" time="14.976" errors="0" timestamp="21 Jun 2022 08:38:23 GMT">
  <testcase classname="BrowserAutomation.OpenaBrowser" name="open" time="14.976"/>
</testsuite> <!-- BrowserAutomation.OpenaBrowser -->
