<?xml version="1.0" encoding="UTF-8"?>
<!-- Generated by org.testng.reporters.JUnitReportReporter -->
<testsuite hostname="JKTNOLAP622" failures="0" tests="1" name="com.jktech.POMExample.TestClass" time="1.098" errors="0" timestamp="5 Jul 2022 04:35:50 GMT">
  <testcase classname="com.jktech.POMExample.TestClass" name="validLoginTest" time="1.098"/>
</testsuite> <!-- com.jktech.POMExample.TestClass -->
