<?xml version="1.0" encoding="UTF-8"?>
<!-- Generated by org.testng.reporters.JUnitReportReporter -->
<testsuite hostname="JKTNOLAP622" failures="0" tests="1" name="com.jktech.TestNG.parallel1" time="6.695" errors="0" timestamp="29 Jun 2022 03:45:34 GMT">
  <testcase classname="com.jktech.TestNG.parallel1" name="chrome" time="6.695"/>
</testsuite> <!-- com.jktech.TestNG.parallel1 -->
