<?xml version="1.0" encoding="UTF-8"?>
<!-- Generated by org.testng.reporters.JUnitReportReporter -->
<testsuite hostname="JKTNOLAP622" failures="0" tests="1" name="com.jktech.POMExample.HomePageTest" time="4.668" errors="0" timestamp="7 Jul 2022 04:51:00 GMT">
  <testcase classname="com.jktech.POMExample.HomePageTest" name="clickAddCartFromHomePage" time="4.668"/>
</testsuite> <!-- com.jktech.POMExample.HomePageTest -->
