<?xml version="1.0" encoding="UTF-8"?>
<!-- Generated by org.testng.reporters.JUnitReportReporter -->
<testsuite hostname="JKTNOLAP622" failures="0" tests="4" name="ReadingFromExcel.ReadFromExcelAlnongWithDP" time="37.995" errors="0" timestamp="4 Jul 2022 05:47:40 GMT">
  <testcase classname="ReadingFromExcel.ReadFromExcelAlnongWithDP" name="login" time="7.655"/>
  <testcase classname="ReadingFromExcel.ReadFromExcelAlnongWithDP" name="login" time="7.732"/>
  <testcase classname="ReadingFromExcel.ReadFromExcelAlnongWithDP" name="login" time="12.846"/>
  <testcase classname="ReadingFromExcel.ReadFromExcelAlnongWithDP" name="login" time="9.762"/>
</testsuite> <!-- ReadingFromExcel.ReadFromExcelAlnongWithDP -->
