<?xml version="1.0" encoding="UTF-8"?>
<!-- Generated by org.testng.reporters.JUnitReportReporter -->
<testsuite hostname="JKTNOLAP622" failures="0" tests="2" name="com.jktech.TestNG.CrossBrowser" time="2.619" errors="0" timestamp="29 Jun 2022 03:39:07 GMT">
  <testcase classname="com.jktech.TestNG.CrossBrowser" name="testParameterWithXML" time="1.176"/>
  <testcase classname="com.jktech.TestNG.CrossBrowser" name="testParameterWithXML" time="1.443"/>
</testsuite> <!-- com.jktech.TestNG.CrossBrowser -->
