<?xml version="1.0" encoding="UTF-8"?>
<!-- Generated by org.testng.reporters.JUnitReportReporter -->
<testsuite hostname="JKTNOLAP622" failures="0" tests="5" name="com.jktech.TestNG.Priority" time="0.042" errors="0" timestamp="14 Jun 2022 07:25:58 GMT">
  <testcase classname="com.jktech.TestNG.Priority" name="Y" time="0.002"/>
  <testcase classname="com.jktech.TestNG.Priority" name="AfterSuite" time="0.003"/>
  <testcase classname="com.jktech.TestNG.Priority" name="b" time="0.002"/>
  <testcase classname="com.jktech.TestNG.Priority" name="A" time="0.002"/>
  <testcase classname="com.jktech.TestNG.Priority" name="beforeSuite" time="0.033"/>
</testsuite> <!-- com.jktech.TestNG.Priority -->
