<?xml version="1.0" encoding="UTF-8"?>
<!-- Generated by org.testng.reporters.JUnitReportReporter -->
<testsuite hostname="JKTNOLAP622" failures="0" tests="2" name="com.jktech.TestNG.Parameters" time="19.034" errors="0" timestamp="14 Jun 2022 09:40:09 GMT">
  <testcase classname="com.jktech.TestNG.Parameters" name="testparameters" time="10.314"/>
  <testcase classname="com.jktech.TestNG.Parameters" name="testparameters" time="8.720"/>
</testsuite> <!-- com.jktech.TestNG.Parameters -->
