<?xml version="1.0" encoding="UTF-8"?>
<!-- Generated by org.testng.reporters.JUnitReportReporter -->
<testsuite hostname="JKTNOLAP622" failures="0" tests="2" name="com.jktech.POMExample.TestClass2" time="4.439" errors="0" timestamp="5 Jul 2022 04:35:50 GMT">
  <testcase classname="com.jktech.POMExample.TestClass2" name="clickAddCartFromHomePage" time="3.410"/>
  <testcase classname="com.jktech.POMExample.TestClass2" name="validLoginTest" time="1.029"/>
</testsuite> <!-- com.jktech.POMExample.TestClass2 -->
