<?xml version="1.0" encoding="UTF-8"?>
<!-- Generated by org.testng.reporters.JUnitReportReporter -->
<testsuite hostname="JKTNOLAP622" failures="0" tests="3" name="com.jktech.testngListeners.IHookableListenerWithExample" time="0.032" errors="0" timestamp="07 Oct 2022 05:39:56 GMT" skipped="0">
  <testcase classname="com.jktech.testngListeners.IHookableListenerWithExample" name="t" time="0.002"/>
  <testcase classname="com.jktech.testngListeners.IHookableListenerWithExample" name="t" time="0.002"/>
  <testcase classname="com.jktech.testngListeners.IHookableListenerWithExample" name="t" time="0.028"/>
</testsuite> <!-- com.jktech.testngListeners.IHookableListenerWithExample -->
