<?xml version="1.0" encoding="UTF-8"?>
<!-- Generated by org.testng.reporters.JUnitReportReporter -->
<testsuite hostname="JKTNOLAP622" failures="0" tests="1" name="com.jktech.jsExecutorExample.InnerTextInBrowser" time="24.762" errors="0" timestamp="10 Oct 2022 04:40:58 GMT" skipped="0">
  <testcase classname="com.jktech.jsExecutorExample.InnerTextInBrowser" name="jsExample" time="24.762"/>
</testsuite> <!-- com.jktech.jsExecutorExample.InnerTextInBrowser -->
