<?xml version="1.0" encoding="UTF-8"?>
<!-- Generated by org.testng.reporters.JUnitReportReporter -->
<testsuite hostname="JKTNOLAP622" failures="0" tests="2" name="com.jktech.testngListeners.IInvokedMethodListenerWithExample" time="0.020" errors="0" timestamp="07 Oct 2022 05:44:15 GMT" skipped="0">
  <testcase classname="com.jktech.testngListeners.IInvokedMethodListenerWithExample" name="method4" time="0.004"/>
  <testcase classname="com.jktech.testngListeners.IInvokedMethodListenerWithExample" name="method3" time="0.016"/>
</testsuite> <!-- com.jktech.testngListeners.IInvokedMethodListenerWithExample -->
